<?xml version="1.0" encoding="UTF-8"?>
<!-- Generated by org.testng.reporters.JUnitXMLReporter -->
<testsuite hostname="Alberts-MacBook-Pro.local" name="dependencyTest" tests="3" failures="2" timestamp="17 Mar 2017 07:55:24 GMT" time="0.056" errors="0">
  <testcase name="configTest" time="0.004" classname="com.example.DependencyTest">
    <failure type="java.lang.AssertionError" message="The following asserts failed:
null, ooooooooooooooookoooo">
      <![CDATA[java.lang.AssertionError: The following asserts failed:
null, ooooooooooooooookoooo
	at com.example.DependencyTest.configTest(DependencyTest.java:33)
	at org.apache.maven.surefire.testng.TestNGExecutor.run(TestNGExecutor.java:74)
	at org.apache.maven.surefire.testng.TestNGXmlTestSuite.execute(TestNGXmlTestSuite.java:92)
	at org.apache.maven.surefire.Surefire.run(Surefire.java:180)
	at org.apache.maven.surefire.booter.SurefireBooter.runSuitesInProcess(SurefireBooter.java:350)
	at org.apache.maven.surefire.booter.SurefireBooter.main(SurefireBooter.java:1021)
... Removed 26 stack frames]]>
    </failure>
  </testcase> <!-- configTest -->
  <testcase name="connectionTest" time="0.001" classname="com.example.DependencyTest">
    <failure type="java.lang.AssertionError" message="Missed! expected [true] but found [false]">
      <![CDATA[java.lang.AssertionError: Missed! expected [true] but found [false]
	at com.example.DependencyTest.connectionTest(DependencyTest.java:47)
	at org.apache.maven.surefire.testng.TestNGExecutor.run(TestNGExecutor.java:74)
	at org.apache.maven.surefire.testng.TestNGXmlTestSuite.execute(TestNGXmlTestSuite.java:92)
	at org.apache.maven.surefire.Surefire.run(Surefire.java:180)
	at org.apache.maven.surefire.booter.SurefireBooter.runSuitesInProcess(SurefireBooter.java:350)
	at org.apache.maven.surefire.booter.SurefireBooter.main(SurefireBooter.java:1021)
... Removed 28 stack frames]]>
    </failure>
  </testcase> <!-- connectionTest -->
  <testcase name="query" time="0.001" classname="com.example.DependencyTest"/>
</testsuite> <!-- dependencyTest -->
